# JRE version: Java(TM) SE Runtime Environment (8.0_202-b08) (build 1.8.0_202-b08)
# Java VM: Java HotSpot(TM) 64-Bit Server VM (25.202-b08 mixed mode bsd-amd64 compressed oops)
Heap:
 par new generation   total 39424K, used 701K [0x00000007a8000000, 0x00000007aaac0000, 0x00000007b0000000)
  eden space 35072K,   2% used [0x00000007a8000000, 0x00000007a80af638, 0x00000007aa240000)
  from space 4352K,   0% used [0x00000007aa240000, 0x00000007aa240000, 0x00000007aa680000)
  to   space 4352K,   0% used [0x00000007aa680000, 0x00000007aa680000, 0x00000007aaac0000)
 concurrent mark-sweep generation total 87424K, used 2859K [0x00000007b0000000, 0x00000007b5560000, 0x00000007c0000000)
 Metaspace       used 10765K, capacity 11004K, committed 11392K, reserved 1058816K
  class space    used 1184K, capacity 1302K, committed 1408K, reserved 1048576K
GC Heap History (10 events):
Event: 96839.931 GC heap before
{Heap before GC invocations=9 (full 9):
 par new generation   total 39424K, used 233K [0x00000007a8000000, 0x00000007aaac0000, 0x00000007b0000000)
  eden space 35072K,   0% used [0x00000007a8000000, 0x00000007a803a750, 0x00000007aa240000)
  from space 4352K,   0% used [0x00000007aa240000, 0x00000007aa240000, 0x00000007aa680000)
  to   space 4352K,   0% used [0x00000007aa680000, 0x00000007aa680000, 0x00000007aaac0000)
 concurrent mark-sweep generation total 87424K, used 2859K [0x00000007b0000000, 0x00000007b5560000, 0x00000007c0000000)
 Metaspace       used 10765K, capacity 11004K, committed 11392K, reserved 1058816K
  class space    used 1184K, capacity 1302K, committed 1408K, reserved 1048576K
Event: 96839.942 GC heap after
Heap after GC invocations=10 (full 10):
 par new generation   total 39424K, used 0K [0x00000007a8000000, 0x00000007aaac0000, 0x00000007b0000000)
  eden space 35072K,   0% used [0x00000007a8000000, 0x00000007a8000000, 0x00000007aa240000)
  from space 4352K,   0% used [0x00000007aa240000, 0x00000007aa240000, 0x00000007aa680000)
  to   space 4352K,   0% used [0x00000007aa680000, 0x00000007aa680000, 0x00000007aaac0000)
 concurrent mark-sweep generation total 87424K, used 2858K [0x00000007b0000000, 0x00000007b5560000, 0x00000007c0000000)
 Metaspace       used 10765K, capacity 11004K, committed 11392K, reserved 1058816K
  class space    used 1184K, capacity 1302K, committed 1408K, reserved 1048576K
}
Event: 125067.857 GC heap before
{Heap before GC invocations=10 (full 10):
 par new generation   total 39424K, used 1169K [0x00000007a8000000, 0x00000007aaac0000, 0x00000007b0000000)
  eden space 35072K,   3% used [0x00000007a8000000, 0x00000007a8124538, 0x00000007aa240000)
  from space 4352K,   0% used [0x00000007aa240000, 0x00000007aa240000, 0x00000007aa680000)
  to   space 4352K,   0% used [0x00000007aa680000, 0x00000007aa680000, 0x00000007aaac0000)
 concurrent mark-sweep generation total 87424K, used 2858K [0x00000007b0000000, 0x00000007b5560000, 0x00000007c0000000)
 Metaspace       used 10765K, capacity 11004K, committed 11392K, reserved 1058816K
  class space    used 1184K, capacity 1302K, committed 1408K, reserved 1048576K
Event: 125067.941 GC heap after
Heap after GC invocations=11 (full 11):
 par new generation   total 39424K, used 0K [0x00000007a8000000, 0x00000007aaac0000, 0x00000007b0000000)
  eden space 35072K,   0% used [0x00000007a8000000, 0x00000007a8000000, 0x00000007aa240000)
  from space 4352K,   0% used [0x00000007aa240000, 0x00000007aa240000, 0x00000007aa680000)
  to   space 4352K,   0% used [0x00000007aa680000, 0x00000007aa680000, 0x00000007aaac0000)
 concurrent mark-sweep generation total 87424K, used 2859K [0x00000007b0000000, 0x00000007b5560000, 0x00000007c0000000)
 Metaspace       used 10765K, capacity 11004K, committed 11392K, reserved 1058816K
  class space    used 1184K, capacity 1302K, committed 1408K, reserved 1048576K
}
Event: 125067.941 GC heap before
{Heap before GC invocations=11 (full 11):
 par new generation   total 39424K, used 350K [0x00000007a8000000, 0x00000007aaac0000, 0x00000007b0000000)
  eden space 35072K,   1% used [0x00000007a8000000, 0x00000007a8057af0, 0x00000007aa240000)
  from space 4352K,   0% used [0x00000007aa240000, 0x00000007aa240000, 0x00000007aa680000)
  to   space 4352K,   0% used [0x00000007aa680000, 0x00000007aa680000, 0x00000007aaac0000)
 concurrent mark-sweep generation total 87424K, used 2859K [0x00000007b0000000, 0x00000007b5560000, 0x00000007c0000000)
 Metaspace       used 10765K, capacity 11004K, committed 11392K, reserved 1058816K
  class space    used 1184K, capacity 1302K, committed 1408K, reserved 1048576K
Event: 125067.951 GC heap after
Heap after GC invocations=12 (full 12):
 par new generation   total 39424K, used 0K [0x00000007a8000000, 0x00000007aaac0000, 0x00000007b0000000)
  eden space 35072K,   0% used [0x00000007a8000000, 0x00000007a8000000, 0x00000007aa240000)
  from space 4352K,   0% used [0x00000007aa240000, 0x00000007aa240000, 0x00000007aa680000)
  to   space 4352K,   0% used [0x00000007aa680000, 0x00000007aa680000, 0x00000007aaac0000)
 concurrent mark-sweep generation total 87424K, used 2858K [0x00000007b0000000, 0x00000007b5560000, 0x00000007c0000000)
 Metaspace       used 10765K, capacity 11004K, committed 11392K, reserved 1058816K
  class space    used 1184K, capacity 1302K, committed 1408K, reserved 1048576K
}
Event: 125417.815 GC heap before
{Heap before GC invocations=12 (full 12):
 par new generation   total 39424K, used 1403K [0x00000007a8000000, 0x00000007aaac0000, 0x00000007b0000000)
  eden space 35072K,   4% used [0x00000007a8000000, 0x00000007a815ec58, 0x00000007aa240000)
  from space 4352K,   0% used [0x00000007aa240000, 0x00000007aa240000, 0x00000007aa680000)
  to   space 4352K,   0% used [0x00000007aa680000, 0x00000007aa680000, 0x00000007aaac0000)
 concurrent mark-sweep generation total 87424K, used 2858K [0x00000007b0000000, 0x00000007b5560000, 0x00000007c0000000)
 Metaspace       used 10765K, capacity 11004K, committed 11392K, reserved 1058816K
  class space    used 1184K, capacity 1302K, committed 1408K, reserved 1048576K
Event: 125417.854 GC heap after
Heap after GC invocations=13 (full 13):
 par new generation   total 39424K, used 0K [0x00000007a8000000, 0x00000007aaac0000, 0x00000007b0000000)
  eden space 35072K,   0% used [0x00000007a8000000, 0x00000007a8000000, 0x00000007aa240000)
  from space 4352K,   0% used [0x00000007aa240000, 0x00000007aa240000, 0x00000007aa680000)
  to   space 4352K,   0% used [0x00000007aa680000, 0x00000007aa680000, 0x00000007aaac0000)
 concurrent mark-sweep generation total 87424K, used 2859K [0x00000007b0000000, 0x00000007b5560000, 0x00000007c0000000)
 Metaspace       used 10765K, capacity 11004K, committed 11392K, reserved 1058816K
  class space    used 1184K, capacity 1302K, committed 1408K, reserved 1048576K
}
Event: 125417.854 GC heap before
{Heap before GC invocations=13 (full 13):
 par new generation   total 39424K, used 0K [0x00000007a8000000, 0x00000007aaac0000, 0x00000007b0000000)
  eden space 35072K,   0% used [0x00000007a8000000, 0x00000007a8000000, 0x00000007aa240000)
  from space 4352K,   0% used [0x00000007aa240000, 0x00000007aa240000, 0x00000007aa680000)
  to   space 4352K,   0% used [0x00000007aa680000, 0x00000007aa680000, 0x00000007aaac0000)
 concurrent mark-sweep generation total 87424K, used 2859K [0x00000007b0000000, 0x00000007b5560000, 0x00000007c0000000)
 Metaspace       used 10765K, capacity 11004K, committed 11392K, reserved 1058816K
  class space    used 1184K, capacity 1302K, committed 1408K, reserved 1048576K
Event: 125417.863 GC heap after
Heap after GC invocations=14 (full 14):
 par new generation   total 39424K, used 0K [0x00000007a8000000, 0x00000007aaac0000, 0x00000007b0000000)
  eden space 35072K,   0% used [0x00000007a8000000, 0x00000007a8000000, 0x00000007aa240000)
  from space 4352K,   0% used [0x00000007aa240000, 0x00000007aa240000, 0x00000007aa680000)
  to   space 4352K,   0% used [0x00000007aa680000, 0x00000007aa680000, 0x00000007aaac0000)
 concurrent mark-sweep generation total 87424K, used 2859K [0x00000007b0000000, 0x00000007b5560000, 0x00000007c0000000)
 Metaspace       used 10765K, capacity 11004K, committed 11392K, reserved 1058816K
  class space    used 1184K, capacity 1302K, committed 1408K, reserved 1048576K
}

