# JRE version: Java(TM) SE Runtime Environment (8.0_202-b08) (build 1.8.0_202-b08)
# Java VM: Java HotSpot(TM) 64-Bit Server VM (25.202-b08 mixed mode bsd-amd64 compressed oops)
Heap:
 par new generation   total 39424K, used 1402K [0x00000007a8000000, 0x00000007aaac0000, 0x00000007b0000000)
  eden space 35072K,   4% used [0x00000007a8000000, 0x00000007a815ebf8, 0x00000007aa240000)
  from space 4352K,   0% used [0x00000007aa240000, 0x00000007aa240000, 0x00000007aa680000)
  to   space 4352K,   0% used [0x00000007aa680000, 0x00000007aa680000, 0x00000007aaac0000)
 concurrent mark-sweep generation total 87424K, used 2845K [0x00000007b0000000, 0x00000007b5560000, 0x00000007c0000000)
 Metaspace       used 10727K, capacity 10958K, committed 11392K, reserved 1058816K
  class space    used 1177K, capacity 1265K, committed 1408K, reserved 1048576K
GC Heap History (10 events):
Event: 198974.479 GC heap before
{Heap before GC invocations=29 (full 29):
 par new generation   total 39424K, used 701K [0x00000007a8000000, 0x00000007aaac0000, 0x00000007b0000000)
  eden space 35072K,   2% used [0x00000007a8000000, 0x00000007a80af5e0, 0x00000007aa240000)
  from space 4352K,   0% used [0x00000007aa240000, 0x00000007aa240000, 0x00000007aa680000)
  to   space 4352K,   0% used [0x00000007aa680000, 0x00000007aa680000, 0x00000007aaac0000)
 concurrent mark-sweep generation total 87424K, used 2845K [0x00000007b0000000, 0x00000007b5560000, 0x00000007c0000000)
 Metaspace       used 10726K, capacity 10958K, committed 11392K, reserved 1058816K
  class space    used 1177K, capacity 1265K, committed 1408K, reserved 1048576K
Event: 198974.488 GC heap after
Heap after GC invocations=30 (full 30):
 par new generation   total 39424K, used 0K [0x00000007a8000000, 0x00000007aaac0000, 0x00000007b0000000)
  eden space 35072K,   0% used [0x00000007a8000000, 0x00000007a8000000, 0x00000007aa240000)
  from space 4352K,   0% used [0x00000007aa240000, 0x00000007aa240000, 0x00000007aa680000)
  to   space 4352K,   0% used [0x00000007aa680000, 0x00000007aa680000, 0x00000007aaac0000)
 concurrent mark-sweep generation total 87424K, used 2845K [0x00000007b0000000, 0x00000007b5560000, 0x00000007c0000000)
 Metaspace       used 10726K, capacity 10958K, committed 11392K, reserved 1058816K
  class space    used 1177K, capacity 1265K, committed 1408K, reserved 1048576K
}
Event: 199035.443 GC heap before
{Heap before GC invocations=30 (full 30):
 par new generation   total 39424K, used 1753K [0x00000007a8000000, 0x00000007aaac0000, 0x00000007b0000000)
  eden space 35072K,   5% used [0x00000007a8000000, 0x00000007a81b6718, 0x00000007aa240000)
  from space 4352K,   0% used [0x00000007aa240000, 0x00000007aa240000, 0x00000007aa680000)
  to   space 4352K,   0% used [0x00000007aa680000, 0x00000007aa680000, 0x00000007aaac0000)
 concurrent mark-sweep generation total 87424K, used 2845K [0x00000007b0000000, 0x00000007b5560000, 0x00000007c0000000)
 Metaspace       used 10727K, capacity 10958K, committed 11392K, reserved 1058816K
  class space    used 1177K, capacity 1265K, committed 1408K, reserved 1048576K
Event: 199035.453 GC heap after
Heap after GC invocations=31 (full 31):
 par new generation   total 39424K, used 0K [0x00000007a8000000, 0x00000007aaac0000, 0x00000007b0000000)
  eden space 35072K,   0% used [0x00000007a8000000, 0x00000007a8000000, 0x00000007aa240000)
  from space 4352K,   0% used [0x00000007aa240000, 0x00000007aa240000, 0x00000007aa680000)
  to   space 4352K,   0% used [0x00000007aa680000, 0x00000007aa680000, 0x00000007aaac0000)
 concurrent mark-sweep generation total 87424K, used 2845K [0x00000007b0000000, 0x00000007b5560000, 0x00000007c0000000)
 Metaspace       used 10727K, capacity 10958K, committed 11392K, reserved 1058816K
  class space    used 1177K, capacity 1265K, committed 1408K, reserved 1048576K
}
Event: 199035.453 GC heap before
{Heap before GC invocations=31 (full 31):
 par new generation   total 39424K, used 0K [0x00000007a8000000, 0x00000007aaac0000, 0x00000007b0000000)
  eden space 35072K,   0% used [0x00000007a8000000, 0x00000007a8000010, 0x00000007aa240000)
  from space 4352K,   0% used [0x00000007aa240000, 0x00000007aa240000, 0x00000007aa680000)
  to   space 4352K,   0% used [0x00000007aa680000, 0x00000007aa680000, 0x00000007aaac0000)
 concurrent mark-sweep generation total 87424K, used 2845K [0x00000007b0000000, 0x00000007b5560000, 0x00000007c0000000)
 Metaspace       used 10727K, capacity 10958K, committed 11392K, reserved 1058816K
  class space    used 1177K, capacity 1265K, committed 1408K, reserved 1048576K
Event: 199035.463 GC heap after
Heap after GC invocations=32 (full 32):
 par new generation   total 39424K, used 0K [0x00000007a8000000, 0x00000007aaac0000, 0x00000007b0000000)
  eden space 35072K,   0% used [0x00000007a8000000, 0x00000007a8000000, 0x00000007aa240000)
  from space 4352K,   0% used [0x00000007aa240000, 0x00000007aa240000, 0x00000007aa680000)
  to   space 4352K,   0% used [0x00000007aa680000, 0x00000007aa680000, 0x00000007aaac0000)
 concurrent mark-sweep generation total 87424K, used 2845K [0x00000007b0000000, 0x00000007b5560000, 0x00000007c0000000)
 Metaspace       used 10727K, capacity 10958K, committed 11392K, reserved 1058816K
  class space    used 1177K, capacity 1265K, committed 1408K, reserved 1048576K
}
Event: 199177.180 GC heap before
{Heap before GC invocations=32 (full 32):
 par new generation   total 39424K, used 1753K [0x00000007a8000000, 0x00000007aaac0000, 0x00000007b0000000)
  eden space 35072K,   5% used [0x00000007a8000000, 0x00000007a81b66e8, 0x00000007aa240000)
  from space 4352K,   0% used [0x00000007aa240000, 0x00000007aa240000, 0x00000007aa680000)
  to   space 4352K,   0% used [0x00000007aa680000, 0x00000007aa680000, 0x00000007aaac0000)
 concurrent mark-sweep generation total 87424K, used 2845K [0x00000007b0000000, 0x00000007b5560000, 0x00000007c0000000)
 Metaspace       used 10727K, capacity 10958K, committed 11392K, reserved 1058816K
  class space    used 1177K, capacity 1265K, committed 1408K, reserved 1048576K
Event: 199177.192 GC heap after
Heap after GC invocations=33 (full 33):
 par new generation   total 39424K, used 0K [0x00000007a8000000, 0x00000007aaac0000, 0x00000007b0000000)
  eden space 35072K,   0% used [0x00000007a8000000, 0x00000007a8000000, 0x00000007aa240000)
  from space 4352K,   0% used [0x00000007aa240000, 0x00000007aa240000, 0x00000007aa680000)
  to   space 4352K,   0% used [0x00000007aa680000, 0x00000007aa680000, 0x00000007aaac0000)
 concurrent mark-sweep generation total 87424K, used 2845K [0x00000007b0000000, 0x00000007b5560000, 0x00000007c0000000)
 Metaspace       used 10727K, capacity 10958K, committed 11392K, reserved 1058816K
  class space    used 1177K, capacity 1265K, committed 1408K, reserved 1048576K
}
Event: 199177.192 GC heap before
{Heap before GC invocations=33 (full 33):
 par new generation   total 39424K, used 0K [0x00000007a8000000, 0x00000007aaac0000, 0x00000007b0000000)
  eden space 35072K,   0% used [0x00000007a8000000, 0x00000007a8000010, 0x00000007aa240000)
  from space 4352K,   0% used [0x00000007aa240000, 0x00000007aa240000, 0x00000007aa680000)
  to   space 4352K,   0% used [0x00000007aa680000, 0x00000007aa680000, 0x00000007aaac0000)
 concurrent mark-sweep generation total 87424K, used 2845K [0x00000007b0000000, 0x00000007b5560000, 0x00000007c0000000)
 Metaspace       used 10727K, capacity 10958K, committed 11392K, reserved 1058816K
  class space    used 1177K, capacity 1265K, committed 1408K, reserved 1048576K
Event: 199177.201 GC heap after
Heap after GC invocations=34 (full 34):
 par new generation   total 39424K, used 0K [0x00000007a8000000, 0x00000007aaac0000, 0x00000007b0000000)
  eden space 35072K,   0% used [0x00000007a8000000, 0x00000007a8000000, 0x00000007aa240000)
  from space 4352K,   0% used [0x00000007aa240000, 0x00000007aa240000, 0x00000007aa680000)
  to   space 4352K,   0% used [0x00000007aa680000, 0x00000007aa680000, 0x00000007aaac0000)
 concurrent mark-sweep generation total 87424K, used 2845K [0x00000007b0000000, 0x00000007b5560000, 0x00000007c0000000)
 Metaspace       used 10727K, capacity 10958K, committed 11392K, reserved 1058816K
  class space    used 1177K, capacity 1265K, committed 1408K, reserved 1048576K
}

