# JRE version: Java(TM) SE Runtime Environment (8.0_202-b08) (build 1.8.0_202-b08)
# Java VM: Java HotSpot(TM) 64-Bit Server VM (25.202-b08 mixed mode bsd-amd64 compressed oops)
Heap:
 par new generation   total 39424K, used 1403K [0x00000007a8000000, 0x00000007aaac0000, 0x00000007b0000000)
  eden space 35072K,   4% used [0x00000007a8000000, 0x00000007a815ec08, 0x00000007aa240000)
  from space 4352K,   0% used [0x00000007aa240000, 0x00000007aa240000, 0x00000007aa680000)
  to   space 4352K,   0% used [0x00000007aa680000, 0x00000007aa680000, 0x00000007aaac0000)
 concurrent mark-sweep generation total 87424K, used 2507K [0x00000007b0000000, 0x00000007b5560000, 0x00000007c0000000)
 Metaspace       used 9614K, capacity 9910K, committed 10240K, reserved 1058816K
  class space    used 1062K, capacity 1173K, committed 1280K, reserved 1048576K
GC Heap History (10 events):
Event: 5541.771 GC heap before
{Heap before GC invocations=11 (full 11):
 par new generation   total 39424K, used 701K [0x00000007a8000000, 0x00000007aaac0000, 0x00000007b0000000)
  eden space 35072K,   2% used [0x00000007a8000000, 0x00000007a80af5d0, 0x00000007aa240000)
  from space 4352K,   0% used [0x00000007aa240000, 0x00000007aa240000, 0x00000007aa680000)
  to   space 4352K,   0% used [0x00000007aa680000, 0x00000007aa680000, 0x00000007aaac0000)
 concurrent mark-sweep generation total 87424K, used 2507K [0x00000007b0000000, 0x00000007b5560000, 0x00000007c0000000)
 Metaspace       used 9614K, capacity 9910K, committed 10240K, reserved 1058816K
  class space    used 1062K, capacity 1173K, committed 1280K, reserved 1048576K
Event: 5541.778 GC heap after
Heap after GC invocations=12 (full 12):
 par new generation   total 39424K, used 0K [0x00000007a8000000, 0x00000007aaac0000, 0x00000007b0000000)
  eden space 35072K,   0% used [0x00000007a8000000, 0x00000007a8000000, 0x00000007aa240000)
  from space 4352K,   0% used [0x00000007aa240000, 0x00000007aa240000, 0x00000007aa680000)
  to   space 4352K,   0% used [0x00000007aa680000, 0x00000007aa680000, 0x00000007aaac0000)
 concurrent mark-sweep generation total 87424K, used 2507K [0x00000007b0000000, 0x00000007b5560000, 0x00000007c0000000)
 Metaspace       used 9614K, capacity 9910K, committed 10240K, reserved 1058816K
  class space    used 1062K, capacity 1173K, committed 1280K, reserved 1048576K
}
Event: 5597.877 GC heap before
{Heap before GC invocations=12 (full 12):
 par new generation   total 39424K, used 2104K [0x00000007a8000000, 0x00000007aaac0000, 0x00000007b0000000)
  eden space 35072K,   6% used [0x00000007a8000000, 0x00000007a820e218, 0x00000007aa240000)
  from space 4352K,   0% used [0x00000007aa240000, 0x00000007aa240000, 0x00000007aa680000)
  to   space 4352K,   0% used [0x00000007aa680000, 0x00000007aa680000, 0x00000007aaac0000)
 concurrent mark-sweep generation total 87424K, used 2507K [0x00000007b0000000, 0x00000007b5560000, 0x00000007c0000000)
 Metaspace       used 9614K, capacity 9910K, committed 10240K, reserved 1058816K
  class space    used 1062K, capacity 1173K, committed 1280K, reserved 1048576K
Event: 5597.886 GC heap after
Heap after GC invocations=13 (full 13):
 par new generation   total 39424K, used 0K [0x00000007a8000000, 0x00000007aaac0000, 0x00000007b0000000)
  eden space 35072K,   0% used [0x00000007a8000000, 0x00000007a8000000, 0x00000007aa240000)
  from space 4352K,   0% used [0x00000007aa240000, 0x00000007aa240000, 0x00000007aa680000)
  to   space 4352K,   0% used [0x00000007aa680000, 0x00000007aa680000, 0x00000007aaac0000)
 concurrent mark-sweep generation total 87424K, used 2507K [0x00000007b0000000, 0x00000007b5560000, 0x00000007c0000000)
 Metaspace       used 9614K, capacity 9910K, committed 10240K, reserved 1058816K
  class space    used 1062K, capacity 1173K, committed 1280K, reserved 1048576K
}
Event: 5597.887 GC heap before
{Heap before GC invocations=13 (full 13):
 par new generation   total 39424K, used 0K [0x00000007a8000000, 0x00000007aaac0000, 0x00000007b0000000)
  eden space 35072K,   0% used [0x00000007a8000000, 0x00000007a8000020, 0x00000007aa240000)
  from space 4352K,   0% used [0x00000007aa240000, 0x00000007aa240000, 0x00000007aa680000)
  to   space 4352K,   0% used [0x00000007aa680000, 0x00000007aa680000, 0x00000007aaac0000)
 concurrent mark-sweep generation total 87424K, used 2507K [0x00000007b0000000, 0x00000007b5560000, 0x00000007c0000000)
 Metaspace       used 9614K, capacity 9910K, committed 10240K, reserved 1058816K
  class space    used 1062K, capacity 1173K, committed 1280K, reserved 1048576K
Event: 5597.895 GC heap after
Heap after GC invocations=14 (full 14):
 par new generation   total 39424K, used 0K [0x00000007a8000000, 0x00000007aaac0000, 0x00000007b0000000)
  eden space 35072K,   0% used [0x00000007a8000000, 0x00000007a8000000, 0x00000007aa240000)
  from space 4352K,   0% used [0x00000007aa240000, 0x00000007aa240000, 0x00000007aa680000)
  to   space 4352K,   0% used [0x00000007aa680000, 0x00000007aa680000, 0x00000007aaac0000)
 concurrent mark-sweep generation total 87424K, used 2507K [0x00000007b0000000, 0x00000007b5560000, 0x00000007c0000000)
 Metaspace       used 9614K, capacity 9910K, committed 10240K, reserved 1058816K
  class space    used 1062K, capacity 1173K, committed 1280K, reserved 1048576K
}
Event: 5643.969 GC heap before
{Heap before GC invocations=14 (full 14):
 par new generation   total 39424K, used 2104K [0x00000007a8000000, 0x00000007aaac0000, 0x00000007b0000000)
  eden space 35072K,   6% used [0x00000007a8000000, 0x00000007a820e1b8, 0x00000007aa240000)
  from space 4352K,   0% used [0x00000007aa240000, 0x00000007aa240000, 0x00000007aa680000)
  to   space 4352K,   0% used [0x00000007aa680000, 0x00000007aa680000, 0x00000007aaac0000)
 concurrent mark-sweep generation total 87424K, used 2507K [0x00000007b0000000, 0x00000007b5560000, 0x00000007c0000000)
 Metaspace       used 9614K, capacity 9910K, committed 10240K, reserved 1058816K
  class space    used 1062K, capacity 1173K, committed 1280K, reserved 1048576K
Event: 5643.978 GC heap after
Heap after GC invocations=15 (full 15):
 par new generation   total 39424K, used 0K [0x00000007a8000000, 0x00000007aaac0000, 0x00000007b0000000)
  eden space 35072K,   0% used [0x00000007a8000000, 0x00000007a8000000, 0x00000007aa240000)
  from space 4352K,   0% used [0x00000007aa240000, 0x00000007aa240000, 0x00000007aa680000)
  to   space 4352K,   0% used [0x00000007aa680000, 0x00000007aa680000, 0x00000007aaac0000)
 concurrent mark-sweep generation total 87424K, used 2507K [0x00000007b0000000, 0x00000007b5560000, 0x00000007c0000000)
 Metaspace       used 9614K, capacity 9910K, committed 10240K, reserved 1058816K
  class space    used 1062K, capacity 1173K, committed 1280K, reserved 1048576K
}
Event: 5643.978 GC heap before
{Heap before GC invocations=15 (full 15):
 par new generation   total 39424K, used 0K [0x00000007a8000000, 0x00000007aaac0000, 0x00000007b0000000)
  eden space 35072K,   0% used [0x00000007a8000000, 0x00000007a8000000, 0x00000007aa240000)
  from space 4352K,   0% used [0x00000007aa240000, 0x00000007aa240000, 0x00000007aa680000)
  to   space 4352K,   0% used [0x00000007aa680000, 0x00000007aa680000, 0x00000007aaac0000)
 concurrent mark-sweep generation total 87424K, used 2507K [0x00000007b0000000, 0x00000007b5560000, 0x00000007c0000000)
 Metaspace       used 9614K, capacity 9910K, committed 10240K, reserved 1058816K
  class space    used 1062K, capacity 1173K, committed 1280K, reserved 1048576K
Event: 5643.986 GC heap after
Heap after GC invocations=16 (full 16):
 par new generation   total 39424K, used 0K [0x00000007a8000000, 0x00000007aaac0000, 0x00000007b0000000)
  eden space 35072K,   0% used [0x00000007a8000000, 0x00000007a8000000, 0x00000007aa240000)
  from space 4352K,   0% used [0x00000007aa240000, 0x00000007aa240000, 0x00000007aa680000)
  to   space 4352K,   0% used [0x00000007aa680000, 0x00000007aa680000, 0x00000007aaac0000)
 concurrent mark-sweep generation total 87424K, used 2507K [0x00000007b0000000, 0x00000007b5560000, 0x00000007c0000000)
 Metaspace       used 9614K, capacity 9910K, committed 10240K, reserved 1058816K
  class space    used 1062K, capacity 1173K, committed 1280K, reserved 1048576K
}

